-------------------------------------------------------------------------------
Test set: Runner.TestRunner
-------------------------------------------------------------------------------
Tests run: 8, Failures: 0, Errors: 2, Skipped: 6, Time elapsed: 0.839 sec <<< FAILURE!
Given User has already opened the browser window(| Durga | Devi | durgadevi1228@gmail.com | madiii1#4*99 | Female | 19-Dec-1988 |)  Time elapsed: 0.004 sec  <<< ERROR!
java.lang.IllegalStateException: The driver executable does not exist: /home/pinky/Downloads/FacebookSignUp-master\src\test\java\chromedriver.exe
	at com.google.common.base.Preconditions.checkState(Preconditions.java:534)
	at org.openqa.selenium.remote.service.DriverService.checkExecutable(DriverService.java:136)
	at org.openqa.selenium.remote.service.DriverService.findExecutable(DriverService.java:131)
	at org.openqa.selenium.chrome.ChromeDriverService.access$000(ChromeDriverService.java:32)
	at org.openqa.selenium.chrome.ChromeDriverService$Builder.findDefaultExecutable(ChromeDriverService.java:137)
	at org.openqa.selenium.remote.service.DriverService$Builder.build(DriverService.java:329)
	at org.openqa.selenium.chrome.ChromeDriverService.createDefaultService(ChromeDriverService.java:88)
	at org.openqa.selenium.chrome.ChromeDriver.<init>(ChromeDriver.java:156)
	at StepDefinitions.NavigationtoFbSignUp.user_has_already_opened_the_browser_window(NavigationtoFbSignUp.java:31)
	at ✽.Given User has already opened the browser window(/home/pinky/Downloads/FacebookSignUp-master/src/main/java/Features/NavigationtoFbSignUp.feature:5)

| Durga | Devi | durgadevi1228@gmail.com | madiii1#4*99 | Female | 19-Dec-1988 |  Time elapsed: 0.004 sec  <<< ERROR!
java.lang.IllegalStateException: The driver executable does not exist: /home/pinky/Downloads/FacebookSignUp-master\src\test\java\chromedriver.exe
	at com.google.common.base.Preconditions.checkState(Preconditions.java:534)
	at org.openqa.selenium.remote.service.DriverService.checkExecutable(DriverService.java:136)
	at org.openqa.selenium.remote.service.DriverService.findExecutable(DriverService.java:131)
	at org.openqa.selenium.chrome.ChromeDriverService.access$000(ChromeDriverService.java:32)
	at org.openqa.selenium.chrome.ChromeDriverService$Builder.findDefaultExecutable(ChromeDriverService.java:137)
	at org.openqa.selenium.remote.service.DriverService$Builder.build(DriverService.java:329)
	at org.openqa.selenium.chrome.ChromeDriverService.createDefaultService(ChromeDriverService.java:88)
	at org.openqa.selenium.chrome.ChromeDriver.<init>(ChromeDriver.java:156)
	at StepDefinitions.NavigationtoFbSignUp.user_has_already_opened_the_browser_window(NavigationtoFbSignUp.java:31)
	at ✽.Given User has already opened the browser window(/home/pinky/Downloads/FacebookSignUp-master/src/main/java/Features/NavigationtoFbSignUp.feature:5)

